#
# There is insufficient memory for the Java Runtime Environment to continue.
# Native memory allocation (malloc) failed to allocate 603856 bytes for Chunk::new
# Possible reasons:
#   The system is out of physical RAM or swap space
#   The process is running with CompressedOops enabled, and the Java Heap may be blocking the growth of the native heap
# Possible solutions:
#   Reduce memory load on the system
#   Increase physical memory or swap space
#   Check if swap backing store is full
#   Decrease Java heap size (-Xmx/-Xms)
#   Decrease number of Java threads
#   Decrease Java thread stack sizes (-Xss)
#   Set larger code cache with -XX:ReservedCodeCacheSize=
#   JVM is running with Zero Based Compressed Oops mode in which the Java heap is
#     placed in the first 32GB address space. The Java Heap base address is the
#     maximum limit for the native heap growth. Please use -XX:HeapBaseMinAddress
#     to set the Java Heap base and to place the Java Heap above 32GB virtual address.
# This output file may be truncated or incomplete.
#
#  Out of Memory Error (allocation.cpp:389), pid=4404, tid=0x0000000000002aa8
#
# JRE version: OpenJDK Runtime Environment (8.0_202-b03) (build 1.8.0_202-release-1483-b03)
# Java VM: OpenJDK 64-Bit Server VM (25.202-b03 mixed mode windows-amd64 compressed oops)
# Failed to write core dump. Minidumps are not enabled by default on client versions of Windows
#

---------------  T H R E A D  ---------------

Current thread (0x000000001e24f800):  JavaThread "C2 CompilerThread1" daemon [_thread_in_native, id=10920, stack(0x000000001ec20000,0x000000001ed20000)]

Stack: [0x000000001ec20000,0x000000001ed20000]
[error occurred during error reporting (printing stack bounds), id 0xc0000005]

Native frames: (J=compiled Java code, j=interpreted, Vv=VM code, C=native code)


Current CompileTask:
C2:   4299 1982   !   4       java.net.URL::<init> (543 bytes)


---------------  P R O C E S S  ---------------

Java Threads: ( => current thread )
  0x000000001e305000 JavaThread "Service Thread" daemon [_thread_blocked, id=15684, stack(0x000000001ef20000,0x000000001f020000)]
  0x000000001e26c800 JavaThread "C1 CompilerThread3" daemon [_thread_blocked, id=11268, stack(0x000000001ee20000,0x000000001ef20000)]
  0x000000001e251800 JavaThread "C2 CompilerThread2" daemon [_thread_in_native, id=17856, stack(0x000000001ed20000,0x000000001ee20000)]
=>0x000000001e24f800 JavaThread "C2 CompilerThread1" daemon [_thread_in_native, id=10920, stack(0x000000001ec20000,0x000000001ed20000)]
  0x000000001e260000 JavaThread "C2 CompilerThread0" daemon [_thread_in_native, id=17372, stack(0x000000001eb20000,0x000000001ec20000)]
  0x000000001e25e000 JavaThread "Attach Listener" daemon [_thread_blocked, id=8184, stack(0x000000001ea20000,0x000000001eb20000)]
  0x000000001e25d000 JavaThread "Signal Dispatcher" daemon [_thread_blocked, id=2528, stack(0x000000001e920000,0x000000001ea20000)]
  0x000000001e241000 JavaThread "Finalizer" daemon [_thread_blocked, id=7292, stack(0x000000001e720000,0x000000001e820000)]
  0x000000001c43f000 JavaThread "Reference Handler" daemon [_thread_blocked, id=7552, stack(0x000000001e620000,0x000000001e720000)]
  0x000000000299b800 JavaThread "main" [_thread_in_Java, id=21616, stack(0x0000000002820000,0x0000000002920000)]

Other Threads:
  0x000000001c437800 VMThread [stack: 0x000000001e120000,0x000000001e220000] [id=2676]
  0x000000001e2aa800 WatcherThread [stack: 0x000000001f020000,0x000000001f120000] [id=6808]

VM state:not at safepoint (normal execution)

VM Mutex/Monitor currently owned by a thread: None

heap address: 0x00000006c2600000, size: 4058 MB, Compressed Oops mode: Zero based, Oop shift amount: 3
Narrow klass base: 0x0000000000000000, Narrow klass shift: 3
Compressed class space size: 1073741824 Address: 0x00000007c0000000

Heap:
 PSYoungGen      total 75776K, used 47102K [0x000000076b780000, 0x0000000774b80000, 0x00000007c0000000)
  eden space 65024K, 72% used [0x000000076b780000,0x000000076e57fb50,0x000000076f700000)
  from space 10752K, 0% used [0x0000000770180000,0x0000000770180000,0x0000000770c00000)
  to   space 10752K, 0% used [0x000000076f700000,0x000000076f700000,0x0000000770180000)
 ParOldGen       total 115712K, used 8803K [0x00000006c2600000, 0x00000006c9700000, 0x000000076b780000)
  object space 115712K, 7% used [0x00000006c2600000,0x00000006c2e98c38,0x00000006c9700000)
 Metaspace       used 26019K, capacity 26426K, committed 26624K, reserved 1073152K
  class space    used 3106K, capacity 3254K, committed 3328K, reserved 1048576K

Card table byte_map: [0x0000000011e50000,0x0000000012640000] byte_map_base: 0x000000000e83d000

Marking Bits: (ParMarkBitMap*) 0x000000006b269f30
 Begin Bits: [0x0000000013390000, 0x00000000172f8000)
 End Bits:   [0x00000000172f8000, 0x000000001b260000)

Polling page: 0x00000000005f0000

CodeCache: size=245760Kb used=6044Kb max_used=6044Kb free=239715Kb
 bounds [0x0000000002a90000, 0x0000000003080000, 0x0000000011a90000]
 total_blobs=2448 nmethods=2034 adapters=327
 compilation: enabled

Compilation events (10 events):
Event: 4.256 Thread 0x000000001e26c800 2032       3       java.lang.Class::getGenericInfo (52 bytes)
Event: 4.257 Thread 0x000000001e26c800 nmethod 2032 0x0000000003073a50 code [0x0000000003073ca0, 0x0000000003074988]
Event: 4.258 Thread 0x000000001e26c800 2033       3       java.util.HashMap::putMapEntries (154 bytes)
Event: 4.259 Thread 0x000000001e26c800 nmethod 2033 0x00000000030754d0 code [0x0000000003075740, 0x00000000030764a8]
Event: 4.267 Thread 0x000000001e26c800 2034       1       java.lang.Class$MethodArray::get (7 bytes)
Event: 4.267 Thread 0x000000001e26c800 nmethod 2034 0x00000000030768d0 code [0x0000000003076a20, 0x0000000003076b50]
Event: 4.267 Thread 0x000000001e26c800 2035       3       sun.reflect.annotation.AnnotationParser::parseAnnotations2 (135 bytes)
Event: 4.271 Thread 0x000000001e26c800 nmethod 2035 0x0000000003076c10 code [0x0000000003076fc0, 0x0000000003078f18]
Event: 4.283 Thread 0x000000001e26c800 2036       3       java.nio.ByteBuffer::<init> (45 bytes)
Event: 4.283 Thread 0x000000001e26c800 nmethod 2036 0x000000000307a6d0 code [0x000000000307a840, 0x000000000307aa88]

GC Heap History (6 events):
Event: 2.440 GC heap before
{Heap before GC invocations=1 (full 0):
 PSYoungGen      total 75776K, used 65024K [0x000000076b780000, 0x0000000770c00000, 0x00000007c0000000)
  eden space 65024K, 100% used [0x000000076b780000,0x000000076f700000,0x000000076f700000)
  from space 10752K, 0% used [0x0000000770180000,0x0000000770180000,0x0000000770c00000)
  to   space 10752K, 0% used [0x000000076f700000,0x000000076f700000,0x0000000770180000)
 ParOldGen       total 173568K, used 0K [0x00000006c2600000, 0x00000006ccf80000, 0x000000076b780000)
  object space 173568K, 0% used [0x00000006c2600000,0x00000006c2600000,0x00000006ccf80000)
 Metaspace       used 15696K, capacity 16034K, committed 16384K, reserved 1062912K
  class space    used 1847K, capacity 1925K, committed 2048K, reserved 1048576K
Event: 2.459 GC heap after
Heap after GC invocations=1 (full 0):
 PSYoungGen      total 75776K, used 10739K [0x000000076b780000, 0x0000000770c00000, 0x00000007c0000000)
  eden space 65024K, 0% used [0x000000076b780000,0x000000076b780000,0x000000076f700000)
  from space 10752K, 99% used [0x000000076f700000,0x000000077017cf70,0x0000000770180000)
  to   space 10752K, 0% used [0x0000000770180000,0x0000000770180000,0x0000000770c00000)
 ParOldGen       total 173568K, used 4514K [0x00000006c2600000, 0x00000006ccf80000, 0x000000076b780000)
  object space 173568K, 2% used [0x00000006c2600000,0x00000006c2a689b8,0x00000006ccf80000)
 Metaspace       used 15696K, capacity 16034K, committed 16384K, reserved 1062912K
  class space    used 1847K, capacity 1925K, committed 2048K, reserved 1048576K
}
Event: 2.957 GC heap before
{Heap before GC invocations=2 (full 0):
 PSYoungGen      total 75776K, used 29398K [0x000000076b780000, 0x0000000770c00000, 0x00000007c0000000)
  eden space 65024K, 28% used [0x000000076b780000,0x000000076c9b8bf0,0x000000076f700000)
  from space 10752K, 99% used [0x000000076f700000,0x000000077017cf70,0x0000000770180000)
  to   space 10752K, 0% used [0x0000000770180000,0x0000000770180000,0x0000000770c00000)
 ParOldGen       total 173568K, used 4514K [0x00000006c2600000, 0x00000006ccf80000, 0x000000076b780000)
  object space 173568K, 2% used [0x00000006c2600000,0x00000006c2a689b8,0x00000006ccf80000)
 Metaspace       used 20772K, capacity 21144K, committed 21296K, reserved 1069056K
  class space    used 2464K, capacity 2628K, committed 2688K, reserved 1048576K
Event: 2.970 GC heap after
Heap after GC invocations=2 (full 0):
 PSYoungGen      total 75776K, used 9026K [0x000000076b780000, 0x0000000774b80000, 0x00000007c0000000)
  eden space 65024K, 0% used [0x000000076b780000,0x000000076b780000,0x000000076f700000)
  from space 10752K, 83% used [0x0000000770180000,0x0000000770a509b0,0x0000000770c00000)
  to   space 10752K, 0% used [0x000000076f700000,0x000000076f700000,0x0000000770180000)
 ParOldGen       total 173568K, used 4586K [0x00000006c2600000, 0x00000006ccf80000, 0x000000076b780000)
  object space 173568K, 2% used [0x00000006c2600000,0x00000006c2a7a9c8,0x00000006ccf80000)
 Metaspace       used 20772K, capacity 21144K, committed 21296K, reserved 1069056K
  class space    used 2464K, capacity 2628K, committed 2688K, reserved 1048576K
}
Event: 2.970 GC heap before
{Heap before GC invocations=3 (full 1):
 PSYoungGen      total 75776K, used 9026K [0x000000076b780000, 0x0000000774b80000, 0x00000007c0000000)
  eden space 65024K, 0% used [0x000000076b780000,0x000000076b780000,0x000000076f700000)
  from space 10752K, 83% used [0x0000000770180000,0x0000000770a509b0,0x0000000770c00000)
  to   space 10752K, 0% used [0x000000076f700000,0x000000076f700000,0x0000000770180000)
 ParOldGen       total 173568K, used 4586K [0x00000006c2600000, 0x00000006ccf80000, 0x000000076b780000)
  object space 173568K, 2% used [0x00000006c2600000,0x00000006c2a7a9c8,0x00000006ccf80000)
 Metaspace       used 20772K, capacity 21144K, committed 21296K, reserved 1069056K
  class space    used 2464K, capacity 2628K, committed 2688K, reserved 1048576K
Event: 3.026 GC heap after
Heap after GC invocations=3 (full 1):
 PSYoungGen      total 75776K, used 0K [0x000000076b780000, 0x0000000774b80000, 0x00000007c0000000)
  eden space 65024K, 0% used [0x000000076b780000,0x000000076b780000,0x000000076f700000)
  from space 10752K, 0% used [0x0000000770180000,0x0000000770180000,0x0000000770c00000)
  to   space 10752K, 0% used [0x000000076f700000,0x000000076f700000,0x0000000770180000)
 ParOldGen       total 115712K, used 8803K [0x00000006c2600000, 0x00000006c9700000, 0x000000076b780000)
  object space 115712K, 7% used [0x00000006c2600000,0x00000006c2e98c38,0x00000006c9700000)
 Metaspace       used 20772K, capacity 21144K, committed 21296K, reserved 1069056K
  class space    used 2464K, capacity 2628K, committed 2688K, reserved 1048576K
}

Deoptimization events (10 events):
Event: 3.895 Thread 0x000000000299b800 Uncommon trap: reason=class_check action=maybe_recompile pc=0x00000000030091d0 method=org.jetbrains.kotlin.protobuf.CodedInputStream.tryRefillBuffer(I)Z @ 177
Event: 3.898 Thread 0x000000000299b800 Uncommon trap: reason=bimorphic action=maybe_recompile pc=0x0000000002fb5be8 method=java.util.AbstractList$Itr.hasNext()Z @ 8
Event: 3.898 Thread 0x000000000299b800 Uncommon trap: reason=bimorphic action=maybe_recompile pc=0x0000000002f9ef38 method=java.util.AbstractList$Itr.next()Ljava/lang/Object; @ 14
Event: 3.898 Thread 0x000000000299b800 Uncommon trap: reason=bimorphic action=maybe_recompile pc=0x0000000002fb5be8 method=java.util.AbstractList$Itr.hasNext()Z @ 8
Event: 3.898 Thread 0x000000000299b800 Uncommon trap: reason=bimorphic action=maybe_recompile pc=0x0000000002fb5be8 method=java.util.AbstractList$Itr.hasNext()Z @ 8
Event: 3.898 Thread 0x000000000299b800 Uncommon trap: reason=bimorphic action=maybe_recompile pc=0x0000000002fb5be8 method=java.util.AbstractList$Itr.hasNext()Z @ 8
Event: 3.898 Thread 0x000000000299b800 Uncommon trap: reason=bimorphic action=maybe_recompile pc=0x0000000002f9ef38 method=java.util.AbstractList$Itr.next()Ljava/lang/Object; @ 14
Event: 3.898 Thread 0x000000000299b800 Uncommon trap: reason=bimorphic action=maybe_recompile pc=0x0000000002f9ef38 method=java.util.AbstractList$Itr.next()Ljava/lang/Object; @ 14
Event: 3.899 Thread 0x000000000299b800 Uncommon trap: reason=bimorphic action=maybe_recompile pc=0x0000000002f9ef38 method=java.util.AbstractList$Itr.next()Ljava/lang/Object; @ 14
Event: 3.900 Thread 0x000000000299b800 Uncommon trap: reason=class_check action=maybe_recompile pc=0x00000000030091d0 method=org.jetbrains.kotlin.protobuf.CodedInputStream.tryRefillBuffer(I)Z @ 177

Classes redefined (0 events):
No events

Internal exceptions (10 events):
Event: 0.888 Thread 0x000000000299b800 Exception <a 'java/security/PrivilegedActionException'> (0x000000076c910d90) thrown at [D:\src\AOSP-openjdk-cygwin\jdk8u\hotspot\src\share\vm\prims\jvm.cpp, line 1508]
Event: 0.888 Thread 0x000000000299b800 Exception <a 'java/security/PrivilegedActionException'> (0x000000076c911370) thrown at [D:\src\AOSP-openjdk-cygwin\jdk8u\hotspot\src\share\vm\prims\jvm.cpp, line 1508]
Event: 1.140 Thread 0x000000000299b800 Exception <a 'java/lang/ArrayIndexOutOfBoundsException'> (0x000000076d274928) thrown at [D:\src\AOSP-openjdk-cygwin\jdk8u\hotspot\src\share\vm\runtime\sharedRuntime.cpp, line 605]
Event: 1.400 Thread 0x000000000299b800 Exception <a 'java/lang/ArrayIndexOutOfBoundsException'> (0x000000076dc16ac0) thrown at [D:\src\AOSP-openjdk-cygwin\jdk8u\hotspot\src\share\vm\runtime\sharedRuntime.cpp, line 605]
Event: 2.269 Thread 0x000000000299b800 Implicit null exception at 0x0000000002d4b72f to 0x0000000002d4b799
Event: 2.434 Thread 0x000000000299b800 Exception <a 'java/lang/NoSuchMethodError': java.lang.Object.lambda$comparing$77a9974f$1(Ljava/util/function/Function;Ljava/lang/Object;Ljava/lang/Object;)I> (0x000000076f6daf50) thrown at [D:\src\AOSP-openjdk-cygwin\jdk8u\hotspot\src\share\vm\interpreter
Event: 2.479 Thread 0x000000000299b800 Exception <a 'java/lang/NoSuchMethodError': java.lang.Object.lambda$static$0()J> (0x000000076b8562c0) thrown at [D:\src\AOSP-openjdk-cygwin\jdk8u\hotspot\src\share\vm\interpreter\linkResolver.cpp, line 620]
Event: 2.750 Thread 0x000000000299b800 Exception <a 'java/lang/NoSuchMethodError': java.lang.Object.lambda$static$0(I)[Lorg/jetbrains/kotlin/com/intellij/openapi/editor/event/DocumentListener;> (0x000000076c063b68) thrown at [D:\src\AOSP-openjdk-cygwin\jdk8u\hotspot\src\share\vm\interpreter\li
Event: 2.792 Thread 0x000000000299b800 Exception <a 'java/lang/NoSuchMethodError': java.lang.Object.lambda$static$0(I)[Lorg/jetbrains/kotlin/com/intellij/psi/PsiAnnotation;> (0x000000076c284dd8) thrown at [D:\src\AOSP-openjdk-cygwin\jdk8u\hotspot\src\share\vm\interpreter\linkResolver.cpp, line
Event: 2.914 Thread 0x000000000299b800 Exception <a 'java/lang/NoSuchMethodError': java.lang.Object.lambda$static$0(I)[Lorg/jetbrains/kotlin/com/intellij/psi/PsiElement;> (0x000000076c77d298) thrown at [D:\src\AOSP-openjdk-cygwin\jdk8u\hotspot\src\share\vm\interpreter\linkResolver.cpp, line 62

Events (10 events):
Event: 4.227 loading class org/jetbrains/kotlin/resolve/calls/model/ResolvedCall
Event: 4.227 loading class org/jetbrains/kotlin/resolve/calls/model/ResolvedCall done
Event: 4.229 loading class org/jetbrains/kotlin/resolve/calls/checkers/CallCheckerContext
Event: 4.229 loading class org/jetbrains/kotlin/resolve/calls/checkers/CallCheckerContext done
Event: 4.236 Executing VM operation: EnableBiasedLocking
Event: 4.236 Executing VM operation: EnableBiasedLocking done
Event: 4.244 loading class org/jetbrains/kotlin/psi/KtSimpleNameExpression
Event: 4.244 loading class org/jetbrains/kotlin/psi/KtSimpleNameExpression done
Event: 4.244 loading class org/jetbrains/kotlin/psi/KtReferenceExpression
Event: 4.244 loading class org/jetbrains/kotlin/psi/KtReferenceExpression done


Dynamic libraries:
0x00007ff71be80000 - 0x00007ff71beb1000 	C:\Program Files\Android\Android Studio\jre\jre\bin\java.exe
0x00007ffc240a0000 - 0x00007ffc24290000 	C:\WINDOWS\SYSTEM32\ntdll.dll
0x00007ffc22630000 - 0x00007ffc226e2000 	C:\WINDOWS\System32\KERNEL32.DLL
0x00007ffc21050000 - 0x00007ffc212f3000 	C:\WINDOWS\System32\KERNELBASE.dll
0x00007ffc23890000 - 0x00007ffc23933000 	C:\WINDOWS\System32\ADVAPI32.dll
0x00007ffc237f0000 - 0x00007ffc2388e000 	C:\WINDOWS\System32\msvcrt.dll
0x00007ffc229c0000 - 0x00007ffc22a57000 	C:\WINDOWS\System32\sechost.dll
0x00007ffc221a0000 - 0x00007ffc222c0000 	C:\WINDOWS\System32\RPCRT4.dll
0x00007ffc22bb0000 - 0x00007ffc22d44000 	C:\WINDOWS\System32\USER32.dll
0x00007ffc214f0000 - 0x00007ffc21511000 	C:\WINDOWS\System32\win32u.dll
0x00007ffc222c0000 - 0x00007ffc222e6000 	C:\WINDOWS\System32\GDI32.dll
0x00007ffc21300000 - 0x00007ffc21494000 	C:\WINDOWS\System32\gdi32full.dll
0x00007ffc216a0000 - 0x00007ffc2173e000 	C:\WINDOWS\System32\msvcp_win.dll
0x00007ffc21520000 - 0x00007ffc2161a000 	C:\WINDOWS\System32\ucrtbase.dll
0x00007ffc16750000 - 0x00007ffc169d5000 	C:\WINDOWS\WinSxS\amd64_microsoft.windows.common-controls_6595b64144ccf1df_6.0.18362.476_none_e6c4b11b130f2595\COMCTL32.dll
0x00007ffc23040000 - 0x00007ffc23376000 	C:\WINDOWS\System32\combase.dll
0x00007ffc21620000 - 0x00007ffc216a0000 	C:\WINDOWS\System32\bcryptPrimitives.dll
0x00007ffc22920000 - 0x00007ffc2294e000 	C:\WINDOWS\System32\IMM32.DLL
0x000000006a9c0000 - 0x000000006aa92000 	C:\Program Files\Android\Android Studio\jre\jre\bin\msvcr100.dll
0x000000006aaa0000 - 0x000000006b2e6000 	C:\Program Files\Android\Android Studio\jre\jre\bin\server\jvm.dll
0x00007ffc22a70000 - 0x00007ffc22a78000 	C:\WINDOWS\System32\PSAPI.DLL
0x00007ffc13130000 - 0x00007ffc13139000 	C:\WINDOWS\SYSTEM32\WSOCK32.dll
0x00007ffc14eb0000 - 0x00007ffc14ed4000 	C:\WINDOWS\SYSTEM32\WINMM.dll
0x00007ffc1b5a0000 - 0x00007ffc1b5aa000 	C:\WINDOWS\SYSTEM32\VERSION.dll
0x00007ffc22950000 - 0x00007ffc229bf000 	C:\WINDOWS\System32\WS2_32.dll
0x00007ffc14e80000 - 0x00007ffc14ead000 	C:\WINDOWS\SYSTEM32\WINMMBASE.dll
0x00007ffc214a0000 - 0x00007ffc214ea000 	C:\WINDOWS\System32\cfgmgr32.dll
0x00007ffc1b210000 - 0x00007ffc1b21f000 	C:\Program Files\Android\Android Studio\jre\jre\bin\verify.dll
0x00007ffc144a0000 - 0x00007ffc144c9000 	C:\Program Files\Android\Android Studio\jre\jre\bin\java.dll
0x00007ffc16a30000 - 0x00007ffc16a46000 	C:\Program Files\Android\Android Studio\jre\jre\bin\zip.dll
0x00007ffc23940000 - 0x00007ffc24025000 	C:\WINDOWS\System32\SHELL32.dll
0x00007ffc222f0000 - 0x00007ffc22399000 	C:\WINDOWS\System32\shcore.dll
0x00007ffc21940000 - 0x00007ffc220be000 	C:\WINDOWS\System32\windows.storage.dll
0x00007ffc20fc0000 - 0x00007ffc20fdf000 	C:\WINDOWS\System32\profapi.dll
0x00007ffc20f70000 - 0x00007ffc20fba000 	C:\WINDOWS\System32\powrprof.dll
0x00007ffc20f40000 - 0x00007ffc20f50000 	C:\WINDOWS\System32\UMPDC.dll
0x00007ffc22540000 - 0x00007ffc22592000 	C:\WINDOWS\System32\shlwapi.dll
0x00007ffc20fe0000 - 0x00007ffc20ff1000 	C:\WINDOWS\System32\kernel.appcore.dll
0x00007ffc21030000 - 0x00007ffc21047000 	C:\WINDOWS\System32\cryptsp.dll
0x00007ffc144e0000 - 0x00007ffc144fa000 	C:\Program Files\Android\Android Studio\jre\jre\bin\net.dll
0x00007ffc207b0000 - 0x00007ffc20817000 	C:\WINDOWS\system32\mswsock.dll
0x00007ffc087a0000 - 0x00007ffc087b1000 	C:\Program Files\Android\Android Studio\jre\jre\bin\nio.dll

VM Arguments:
java_command: org.jetbrains.kotlin.cli.jvm.K2JVMCompiler -Xallow-no-source-files -classpath C:\Users\lukef\.gradle\caches\modules-2\files-2.1\org.jetbrains.kotlin\kotlin-android-extensions-runtime\1.3.50\bec16087637a7cafe54894e73d38037977cb30d2\kotlin-android-extensions-runtime-1.3.50.jar;C:\Users\lukef\.gradle\caches\transforms-2\files-2.1\1ab13f69f3a4ffde7d59c34aa574c485\navigation-fragment-ktx-2.2.0-beta01-api.jar;C:\Users\lukef\.gradle\caches\transforms-2\files-2.1\f0070bc7cd286c54e5c9c548d1a7339a\navigation-ui-ktx-2.2.0-beta01-api.jar;C:\Users\lukef\.gradle\caches\modules-2\files-2.1\org.jetbrains.kotlin\kotlin-stdlib-jdk7\1.3.50\50ad05ea1c2595fb31b800e76db464d08d599af3\kotlin-stdlib-jdk7-1.3.50.jar;C:\Users\lukef\.gradle\caches\transforms-2\files-2.1\3898ca766fc40cce59c099b223c78093\fragment-ktx-1.2.0-beta01-api.jar;C:\Users\lukef\.gradle\caches\transforms-2\files-2.1\03d60834cbcc5a8056d4b5d9f84a6ccf\navigation-runtime-ktx-2.2.0-beta01-api.jar;C:\Users\lukef\.gradle\caches\transforms-2\files-2.1\f2e4dad2374b8451af2b077e60419d6a\activity-ktx-1.1.0-beta01-api.jar;C:\Users\lukef\.gradle\caches\transforms-2\files-2.1\b45ac6bc9b8d92a22e4e905e5139e1f4\core-ktx-1.1.0-api.jar;C:\Users\lukef\.gradle\caches\transforms-2\files-2.1\25b9e30a0941b7c2115cc99bc24360b3\anko-commons-0.10.8-api.jar;C:\Users\lukef\.gradle\caches\transforms-2\files-2.1\867449e45d4b44766ce9d49f7e3d173d\lifecycle-viewmodel-ktx-2.2.0-beta01-api.jar;C:\Users\lukef\.gradle\caches\transforms-2\files-2.1\f84dce60d98164dab835a95c670d67ec\jetified-commons-base-0.10.8-api.jar;C:\Users\lukef\.gradle\caches\transforms-2\files-2.1\5bf48dc731672ee2c08ba114de1e3460\navigation-common-ktx-2.2.0-beta01-api.jar;C:\Users\lukef\.gradle\caches\modules-2\files-2.1\androidx.collection\collection-ktx\1.1.0\f807b2f366f7b75142a67d2f3c10031065b5168\collection-ktx-1.1.0.jar;C:\Users\lukef\.gradle\caches\transforms-2\files-2.1\f94ac305008bcb0f97d1c13342f4de84\lifecycle-livedata-core-ktx-2.2.0-beta01-api.jar;C:\Users\lukef\.g
java_class_path (initial): C:\Users\lukef\.gradle\caches\modules-2\files-2.1\org.jetbrains.kotlin\kotlin-compiler-embeddable\1.3.50\1251c1768e5769b06c2487d6f6cf8acf6efb8960\kotlin-compiler-embeddable-1.3.50.jar;C:\Users\lukef\.gradle\caches\modules-2\files-2.1\org.jetbrains.kotlin\kotlin-reflect\1.3.50\b499f22fd7c3e9c2e5b6c4005221fa47fc7f9a7a\kotlin-reflect-1.3.50.jar;C:\Users\lukef\.gradle\caches\modules-2\files-2.1\org.jetbrains.kotlin\kotlin-stdlib\1.3.50\b529d1738c7e98bbfa36a4134039528f2ce78ebf\kotlin-stdlib-1.3.50.jar;C:\Users\lukef\.gradle\caches\modules-2\files-2.1\org.jetbrains.kotlin\kotlin-script-runtime\1.3.50\59492b8dfb92522ba0ddb5dd1c4d0ef0a4fca1af\kotlin-script-runtime-1.3.50.jar;C:\Users\lukef\.gradle\caches\modules-2\files-2.1\org.jetbrains.kotlin\kotlin-daemon-embeddable\1.3.50\5cb93bb33f4c6f833ead0beca4c831668e00cf52\kotlin-daemon-embeddable-1.3.50.jar;C:\Users\lukef\.gradle\caches\modules-2\files-2.1\org.jetbrains.intellij.deps\trove4j\1.0.20181211\216c2e14b070f334479d800987affe4054cd563f\trove4j-1.0.20181211.jar;C:\Users\lukef\.gradle\caches\modules-2\files-2.1\org.jetbrains.kotlin\kotlin-stdlib-common\1.3.50\3d9cd3e1bc7b92e95f43d45be3bfbcf38e36ab87\kotlin-stdlib-common-1.3.50.jar;C:\Users\lukef\.gradle\caches\modules-2\files-2.1\org.jetbrains\annotations\13.0\919f0dfe192fb4e063e7dacadee7f8bb9a2672a9\annotations-13.0.jar;C:\Program Files\Android\Android Studio\jre\lib\tools.jar
Launcher Type: SUN_STANDARD

Environment Variables:
PATH=C:\Python27\;C:\Python27\Scripts;C:\Program Files (x86)\Common Files\Oracle\Java\javapath;C:\Program Files (x86)\Intel\Intel(R) Management Engine Components\iCLS\;C:\Program Files\Intel\Intel(R) Management Engine Components\iCLS\;C:\Windows\system32;C:\Windows;C:\Windows\System32\Wbem;C:\Windows\System32\WindowsPowerShell\v1.0\;C:\Windows\System32\OpenSSH\;C:\Program Files (x86)\Intel\Intel(R) Management Engine Components\DAL;C:\Program Files\Intel\Intel(R) Management Engine Components\DAL;C:\Program Files (x86)\Intel\Intel(R) Management Engine Components\IPT;C:\Program Files\Intel\Intel(R) Management Engine Components\IPT;C:\Program Files (x86)\NVIDIA Corporation\PhysX\Common;C:\Program Files\Intel\WiFi\bin\;C:\Program Files\Common Files\Intel\WirelessCommon\;C:\Program Files\Git\cmd;C:\WINDOWS\system32;C:\WINDOWS;C:\WINDOWS\System32\Wbem;C:\WINDOWS\System32\WindowsPowerShell\v1.0\;C:\WINDOWS\System32\OpenSSH\;C:\Program Files\MySQL\MySQL Server 8.0\bin;C:\Users\lukef\AppData\Local\Programs\Python\Python36\;;C:\ProgramData\chocolatey\bin;C:\Program Files (x86)\Yarn\bin\;C:\Program Files\nodejs\;C:\Program Files\Zulu\zulu-8\bin\;%PATH6%;C:\Users\lukef\AppData\Local\Programs\Python\Python36\Scripts;C:\Users\lukef\AppData\Local\Programs\Microsoft VS Code\bin;C:\Users\lukef\AppData\Local\Yarn\bin;C:\Users\lukef\AppData\Roaming\npm;C:\Program Files\JetBrains\PyCharm Community Edition 2019.2.4\bin;
USERNAME=lukef
OS=Windows_NT
PROCESSOR_IDENTIFIER=Intel64 Family 6 Model 142 Stepping 10, GenuineIntel



---------------  S Y S T E M  ---------------

OS: Windows 10.0 , 64 bit Build 18362 (10.0.18362.329)

CPU:total 8 (initial active 8) (4 cores per cpu, 2 threads per core) family 6 model 142 stepping 10, cmov, cx8, fxsr, mmx, sse, sse2, sse3, ssse3, sse4.1, sse4.2, popcnt, avx, avx2, aes, clmul, erms, 3dnowpref, lzcnt, ht, tsc, tscinvbit, bmi1, bmi2, adx

Memory: 4k page, physical 16616164k(2733292k free), swap 16616164k(5376k free)

vm_info: OpenJDK 64-Bit Server VM (25.202-b03) for windows-amd64 JRE (1.8.0_202-release-1483-b03), built by "builder" with MS VC++ 10.0 (VS2010)

time: Fri Nov 22 20:00:09 2019
timezone: GMT Standard Time
elapsed time: 4 seconds (0d 0h 0m 4s)

